WARNING: A terminally deprecated method in sun.misc.Unsafe has been called
WARNING: sun.misc.Unsafe::staticFieldBase has been called by com.google.inject.internal.aop.HiddenClassDefiner (file:/Users/akshatsanjayagrwal/.m2/wrapper/dists/apache-maven-3.9.11/a2d47e15/lib/guice-5.1.0-classes.jar)
WARNING: Please consider reporting this to the maintainers of class com.google.inject.internal.aop.HiddenClassDefiner
WARNING: sun.misc.Unsafe::staticFieldBase will be removed in a future release
[INFO] Scanning for projects...
[INFO] 
[INFO] -------------------------< com.bank:moneymesh >-------------------------
[INFO] Building MoneyMesh 0.0.1-SNAPSHOT
[INFO]   from pom.xml
[INFO] --------------------------------[ jar ]---------------------------------
[INFO] 
[INFO] >>> spring-boot:3.5.6:run (default-cli) > test-compile @ moneymesh >>>
[INFO] 
[INFO] --- resources:3.3.1:resources (default-resources) @ moneymesh ---
[INFO] Copying 1 resource from src/main/resources to target/classes
[INFO] Copying 0 resource from src/main/resources to target/classes
[INFO] 
[INFO] --- compiler:3.14.0:compile (default-compile) @ moneymesh ---
[INFO] Nothing to compile - all classes are up to date.
[INFO] 
[INFO] --- resources:3.3.1:testResources (default-testResources) @ moneymesh ---
[INFO] skip non existing resourceDirectory /Users/akshatsanjayagrwal/Desktop/bankingsystem/src/test/resources
[INFO] 
[INFO] --- compiler:3.14.0:testCompile (default-testCompile) @ moneymesh ---
[INFO] Nothing to compile - all classes are up to date.
[INFO] 
[INFO] <<< spring-boot:3.5.6:run (default-cli) < test-compile @ moneymesh <<<
[INFO] 
[INFO] 
[INFO] --- spring-boot:3.5.6:run (default-cli) @ moneymesh ---
[INFO] Attaching agents: []

  .   ____          _            __ _ _
 /\\ / ___'_ __ _ _(_)_ __  __ _ \ \ \ \
( ( )\___ | '_ | '_| | '_ \/ _` | \ \ \ \
 \\/  ___)| |_)| | | | | || (_| |  ) ) ) )
  '  |____| .__|_| |_|_| |_\__, | / / / /
 =========|_|==============|___/=/_/_/_/

 :: Spring Boot ::                (v3.5.6)

2025-10-20T00:11:23.832+05:30  INFO 45216 --- [MoneyMesh] [  restartedMain] c.b.b.BankingSystemApplication           : Starting BankingSystemApplication using Java 24.0.2 with PID 45216 (/Users/akshatsanjayagrwal/Desktop/bankingsystem/target/classes started by akshatsanjayagrwal in /Users/akshatsanjayagrwal/Desktop/bankingsystem)
2025-10-20T00:11:23.833+05:30  INFO 45216 --- [MoneyMesh] [  restartedMain] c.b.b.BankingSystemApplication           : No active profile set, falling back to 1 default profile: "default"
2025-10-20T00:11:24.468+05:30  INFO 45216 --- [MoneyMesh] [  restartedMain] o.apache.catalina.core.StandardService   : Starting service [Tomcat]
2025-10-20T00:11:24.468+05:30  INFO 45216 --- [MoneyMesh] [  restartedMain] o.apache.catalina.core.StandardEngine    : Starting Servlet engine: [Apache Tomcat/10.1.46]
2025-10-20T00:11:24.478+05:30  INFO 45216 --- [MoneyMesh] [  restartedMain] o.a.c.c.C.[Tomcat].[localhost].[/]       : Initializing Spring embedded WebApplicationContext
2025-10-20T00:11:24.737+05:30  WARN 45216 --- [MoneyMesh] [  restartedMain] org.hibernate.orm.deprecation            : HHH90000025: MySQLDialect does not need to be specified explicitly using 'hibernate.dialect' (remove the property setting and it will be selected by default)
Hibernate: alter table insurance_claims modify column status enum ('APPROVED','CLOSED','PAID','PENDING_DOCUMENTS','REJECTED','SUBMITTED','UNDER_REVIEW') not null
Hibernate: alter table insurance_policies modify column insurance_type enum ('ACCIDENT','AUTO','CRITICAL_ILLNESS','DISABILITY','HEALTH','HOME','LIFE','LOAN_PROTECTION','TERM','TRAVEL') not null
Hibernate: alter table insurance_policies modify column premium_frequency enum ('HALF_YEARLY','MONTHLY','ONE_TIME','QUARTERLY','YEARLY') not null
Hibernate: alter table insurance_policies modify column status enum ('ACTIVE','CANCELLED','EXPIRED','LAPSED','MATURED','PENDING_APPROVAL','PENDING_PAYMENT','REJECTED') not null
WARNING: A terminally deprecated method in sun.misc.Unsafe has been called
WARNING: sun.misc.Unsafe::allocateMemory has been called by io.netty.util.internal.PlatformDependent0$2 (file:/Users/akshatsanjayagrwal/.m2/repository/io/netty/netty-common/4.1.127.Final/netty-common-4.1.127.Final.jar)
WARNING: Please consider reporting this to the maintainers of class io.netty.util.internal.PlatformDependent0$2
WARNING: sun.misc.Unsafe::allocateMemory will be removed in a future release
2025-10-20T00:11:26.996+05:30  INFO 45216 --- [MoneyMesh] [  restartedMain] c.b.b.BankingSystemApplication           : Started BankingSystemApplication in 3.272 seconds (process running for 3.392)
Hibernate: select us1_0.id,us1_0.active,us1_0.created_at,us1_0.device_info,us1_0.expires_at,us1_0.ip_address,us1_0.last_activity_at,us1_0.session_token,us1_0.user_id,us1_0.user_agent from user_sessions us1_0 where us1_0.expires_at<?
🚀 Banking System Backend is Running...
2025-10-20T00:13:29.283+05:30  INFO 45216 --- [MoneyMesh] [nio-8080-exec-1] o.a.c.c.C.[Tomcat].[localhost].[/]       : Initializing Spring DispatcherServlet 'dispatcherServlet'
Hibernate: select au1_0.id,au1_0.password,au1_0.role,au1_0.username from app_user au1_0 where au1_0.username=?
Hibernate: select au1_0.id,au1_0.password,au1_0.role,au1_0.username from app_user au1_0 where au1_0.username=?
Hibernate: select c1_0.id,c1_0.email,c1_0.name,c1_0.phone,u1_0.id,u1_0.password,u1_0.role,u1_0.username from customer c1_0 left join app_user u1_0 on u1_0.id=c1_0.user_id where c1_0.user_id=?
Hibernate: select c1_0.id,c1_0.email,c1_0.name,c1_0.phone,u1_0.id,u1_0.password,u1_0.role,u1_0.username from customer c1_0 left join app_user u1_0 on u1_0.id=c1_0.user_id where c1_0.user_id=?
Hibernate: select au1_0.id,au1_0.password,au1_0.role,au1_0.username from app_user au1_0 where au1_0.username=?
Hibernate: select c1_0.id,c1_0.email,c1_0.name,c1_0.phone,u1_0.id,u1_0.password,u1_0.role,u1_0.username from customer c1_0 left join app_user u1_0 on u1_0.id=c1_0.user_id where c1_0.user_id=?
2025-10-20T00:13:29.619+05:30  WARN 45216 --- [MoneyMesh] [nio-8080-exec-4] .m.m.a.ExceptionHandlerExceptionResolver : Resolved [org.springframework.web.servlet.resource.NoResourceFoundException: No static resource api/notifications/unread/count.]
Hibernate: select au1_0.id,au1_0.password,au1_0.role,au1_0.username from app_user au1_0 where au1_0.username=?
Hibernate: select au1_0.id,au1_0.password,au1_0.role,au1_0.username from app_user au1_0 where au1_0.username=?
Hibernate: select c1_0.id,c1_0.email,c1_0.name,c1_0.phone,u1_0.id,u1_0.password,u1_0.role,u1_0.username from customer c1_0 left join app_user u1_0 on u1_0.id=c1_0.user_id where c1_0.user_id=?
Hibernate: select c1_0.id,c1_0.email,c1_0.name,c1_0.phone,u1_0.id,u1_0.password,u1_0.role,u1_0.username from customer c1_0 left join app_user u1_0 on u1_0.id=c1_0.user_id where c1_0.user_id=?
Hibernate: select au1_0.id,au1_0.password,au1_0.role,au1_0.username from app_user au1_0 where au1_0.username=?
Hibernate: select c1_0.id,c1_0.email,c1_0.name,c1_0.phone,u1_0.id,u1_0.password,u1_0.role,u1_0.username from customer c1_0 left join app_user u1_0 on u1_0.id=c1_0.user_id where c1_0.user_id=?
2025-10-20T00:13:50.231+05:30  WARN 45216 --- [MoneyMesh] [nio-8080-exec-7] .m.m.a.ExceptionHandlerExceptionResolver : Resolved [org.springframework.web.servlet.resource.NoResourceFoundException: No static resource api/notifications/unread/count.]
Hibernate: select au1_0.id,au1_0.password,au1_0.role,au1_0.username from app_user au1_0 where au1_0.username=?
Hibernate: select au1_0.id,au1_0.password,au1_0.role,au1_0.username from app_user au1_0 where au1_0.username=?
Hibernate: select c1_0.id,c1_0.email,c1_0.name,c1_0.phone,u1_0.id,u1_0.password,u1_0.role,u1_0.username from customer c1_0 left join app_user u1_0 on u1_0.id=c1_0.user_id where c1_0.user_id=?
Hibernate: select c1_0.id,c1_0.email,c1_0.name,c1_0.phone,u1_0.id,u1_0.password,u1_0.role,u1_0.username from customer c1_0 left join app_user u1_0 on u1_0.id=c1_0.user_id where c1_0.user_id=?
Hibernate: select au1_0.id,au1_0.password,au1_0.role,au1_0.username from app_user au1_0 where au1_0.username=?
2025-10-20T00:13:56.756+05:30  WARN 45216 --- [MoneyMesh] [nio-8080-exec-1] .m.m.a.ExceptionHandlerExceptionResolver : Resolved [org.springframework.web.servlet.resource.NoResourceFoundException: No static resource api/notifications/unread/count.]
Hibernate: select c1_0.id,c1_0.email,c1_0.name,c1_0.phone,u1_0.id,u1_0.password,u1_0.role,u1_0.username from customer c1_0 left join app_user u1_0 on u1_0.id=c1_0.user_id where c1_0.user_id=?
Hibernate: select au1_0.id,au1_0.password,au1_0.role,au1_0.username from app_user au1_0 where au1_0.username=?
Hibernate: select c1_0.id,c1_0.email,c1_0.name,c1_0.phone,u1_0.id,u1_0.password,u1_0.role,u1_0.username from customer c1_0 left join app_user u1_0 on u1_0.id=c1_0.user_id where c1_0.user_id=?
Hibernate: select au1_0.id,au1_0.password,au1_0.role,au1_0.username from app_user au1_0 where au1_0.username=?
Hibernate: select c1_0.id,c1_0.email,c1_0.name,c1_0.phone,u1_0.id,u1_0.password,u1_0.role,u1_0.username from customer c1_0 left join app_user u1_0 on u1_0.id=c1_0.user_id where c1_0.user_id=?
Hibernate: select au1_0.id,au1_0.password,au1_0.role,au1_0.username from app_user au1_0 where au1_0.username=?
Hibernate: select au1_0.id,au1_0.password,au1_0.role,au1_0.username from app_user au1_0 where au1_0.username=?
Hibernate: select c1_0.id,c1_0.email,c1_0.name,c1_0.phone,u1_0.id,u1_0.password,u1_0.role,u1_0.username from customer c1_0 left join app_user u1_0 on u1_0.id=c1_0.user_id where c1_0.user_id=?
Hibernate: select c1_0.id,c1_0.email,c1_0.name,c1_0.phone,u1_0.id,u1_0.password,u1_0.role,u1_0.username from customer c1_0 left join app_user u1_0 on u1_0.id=c1_0.user_id where c1_0.user_id=?
Hibernate: select au1_0.id,au1_0.password,au1_0.role,au1_0.username from app_user au1_0 where au1_0.username=?
2025-10-20T00:14:06.334+05:30  WARN 45216 --- [MoneyMesh] [nio-8080-exec-8] .m.m.a.ExceptionHandlerExceptionResolver : Resolved [org.springframework.web.servlet.resource.NoResourceFoundException: No static resource api/notifications/unread/count.]
Hibernate: select c1_0.id,c1_0.email,c1_0.name,c1_0.phone,u1_0.id,u1_0.password,u1_0.role,u1_0.username from customer c1_0 left join app_user u1_0 on u1_0.id=c1_0.user_id where c1_0.user_id=?
Hibernate: select au1_0.id,au1_0.password,au1_0.role,au1_0.username from app_user au1_0 where au1_0.username=?
Hibernate: select c1_0.id,c1_0.email,c1_0.name,c1_0.phone,u1_0.id,u1_0.password,u1_0.role,u1_0.username from customer c1_0 left join app_user u1_0 on u1_0.id=c1_0.user_id where c1_0.user_id=?
Hibernate: select au1_0.id,au1_0.password,au1_0.role,au1_0.username from app_user au1_0 where au1_0.username=?
Hibernate: select c1_0.id,c1_0.email,c1_0.name,c1_0.phone,u1_0.id,u1_0.password,u1_0.role,u1_0.username from customer c1_0 left join app_user u1_0 on u1_0.id=c1_0.user_id where c1_0.user_id=?
Hibernate: select au1_0.id,au1_0.password,au1_0.role,au1_0.username from app_user au1_0 where au1_0.username=?
Hibernate: select c1_0.id,c1_0.email,c1_0.name,c1_0.phone,u1_0.id,u1_0.password,u1_0.role,u1_0.username from customer c1_0 left join app_user u1_0 on u1_0.id=c1_0.user_id where c1_0.user_id=?
Hibernate: select au1_0.id,au1_0.password,au1_0.role,au1_0.username from app_user au1_0 where au1_0.username=?
Hibernate: select c1_0.id,c1_0.email,c1_0.name,c1_0.phone,u1_0.id,u1_0.password,u1_0.role,u1_0.username from customer c1_0 left join app_user u1_0 on u1_0.id=c1_0.user_id where c1_0.user_id=?
Hibernate: select au1_0.id,au1_0.password,au1_0.role,au1_0.username from app_user au1_0 where au1_0.username=?
Hibernate: select au1_0.id,au1_0.password,au1_0.role,au1_0.username from app_user au1_0 where au1_0.username=?
Hibernate: select c1_0.id,c1_0.email,c1_0.name,c1_0.phone,u1_0.id,u1_0.password,u1_0.role,u1_0.username from customer c1_0 left join app_user u1_0 on u1_0.id=c1_0.user_id where c1_0.user_id=?
Hibernate: select c1_0.id,c1_0.email,c1_0.name,c1_0.phone,u1_0.id,u1_0.password,u1_0.role,u1_0.username from customer c1_0 left join app_user u1_0 on u1_0.id=c1_0.user_id where c1_0.user_id=?
Hibernate: select au1_0.id,au1_0.password,au1_0.role,au1_0.username from app_user au1_0 where au1_0.username=?
Hibernate: select au1_0.id,au1_0.password,au1_0.role,au1_0.username from app_user au1_0 where au1_0.username=?
Hibernate: select c1_0.id,c1_0.email,c1_0.name,c1_0.phone,u1_0.id,u1_0.password,u1_0.role,u1_0.username from customer c1_0 left join app_user u1_0 on u1_0.id=c1_0.user_id where c1_0.user_id=?
Hibernate: select c1_0.id,c1_0.email,c1_0.name,c1_0.phone,u1_0.id,u1_0.password,u1_0.role,u1_0.username from customer c1_0 left join app_user u1_0 on u1_0.id=c1_0.user_id where c1_0.user_id=?
Hibernate: select au1_0.id,au1_0.password,au1_0.role,au1_0.username from app_user au1_0 where au1_0.username=?
Hibernate: select c1_0.id,c1_0.email,c1_0.name,c1_0.phone,u1_0.id,u1_0.password,u1_0.role,u1_0.username from customer c1_0 left join app_user u1_0 on u1_0.id=c1_0.user_id where c1_0.user_id=?
Hibernate: select c1_0.id,c1_0.email,c1_0.name,c1_0.phone,c1_0.user_id from customer c1_0 left join app_user u1_0 on u1_0.id=c1_0.user_id where u1_0.username=?
2025-10-20T00:14:37.012+05:30  WARN 45216 --- [MoneyMesh] [nio-8080-exec-7] .m.m.a.ExceptionHandlerExceptionResolver : Resolved [com.bank.exception.ResourceNotFoundException: Customer not found]
Hibernate: select au1_0.id,au1_0.password,au1_0.role,au1_0.username from app_user au1_0 where au1_0.username=?
Hibernate: select au1_0.id,au1_0.password,au1_0.role,au1_0.username from app_user au1_0 where au1_0.username=?
Hibernate: select c1_0.id,c1_0.email,c1_0.name,c1_0.phone,u1_0.id,u1_0.password,u1_0.role,u1_0.username from customer c1_0 left join app_user u1_0 on u1_0.id=c1_0.user_id where c1_0.user_id=?
Hibernate: select c1_0.id,c1_0.email,c1_0.name,c1_0.phone,u1_0.id,u1_0.password,u1_0.role,u1_0.username from customer c1_0 left join app_user u1_0 on u1_0.id=c1_0.user_id where c1_0.user_id=?
Hibernate: select c1_0.id,c1_0.email,c1_0.name,c1_0.phone,c1_0.user_id from customer c1_0 left join app_user u1_0 on u1_0.id=c1_0.user_id where u1_0.username=?
2025-10-20T00:14:39.278+05:30  WARN 45216 --- [MoneyMesh] [nio-8080-exec-1] .m.m.a.ExceptionHandlerExceptionResolver : Resolved [com.bank.exception.ResourceNotFoundException: Customer not found]
2025-10-20T00:14:39.279+05:30  WARN 45216 --- [MoneyMesh] [nio-8080-exec-2] .m.m.a.ExceptionHandlerExceptionResolver : Resolved [org.springframework.web.method.annotation.MethodArgumentTypeMismatchException: Method parameter 'accountId': Failed to convert value of type 'java.lang.String' to required type 'java.lang.Long'; For input string: "user"]
Hibernate: select au1_0.id,au1_0.password,au1_0.role,au1_0.username from app_user au1_0 where au1_0.username=?
Hibernate: select au1_0.id,au1_0.password,au1_0.role,au1_0.username from app_user au1_0 where au1_0.username=?
Hibernate: select c1_0.id,c1_0.email,c1_0.name,c1_0.phone,u1_0.id,u1_0.password,u1_0.role,u1_0.username from customer c1_0 left join app_user u1_0 on u1_0.id=c1_0.user_id where c1_0.user_id=?
Hibernate: select c1_0.id,c1_0.email,c1_0.name,c1_0.phone,u1_0.id,u1_0.password,u1_0.role,u1_0.username from customer c1_0 left join app_user u1_0 on u1_0.id=c1_0.user_id where c1_0.user_id=?
2025-10-20T00:14:41.509+05:30  WARN 45216 --- [MoneyMesh] [nio-8080-exec-6] .m.m.a.ExceptionHandlerExceptionResolver : Resolved [org.springframework.web.method.annotation.MethodArgumentTypeMismatchException: Method parameter 'accountId': Failed to convert value of type 'java.lang.String' to required type 'java.lang.Long'; For input string: "user"]
Hibernate: select c1_0.id,c1_0.email,c1_0.name,c1_0.phone,c1_0.user_id from customer c1_0 left join app_user u1_0 on u1_0.id=c1_0.user_id where u1_0.username=?
2025-10-20T00:14:41.511+05:30  WARN 45216 --- [MoneyMesh] [nio-8080-exec-5] .m.m.a.ExceptionHandlerExceptionResolver : Resolved [com.bank.exception.ResourceNotFoundException: Customer not found]
Hibernate: select au1_0.id,au1_0.password,au1_0.role,au1_0.username from app_user au1_0 where au1_0.username=?
Hibernate: select au1_0.id,au1_0.password,au1_0.role,au1_0.username from app_user au1_0 where au1_0.username=?
Hibernate: select au1_0.id,au1_0.password,au1_0.role,au1_0.username from app_user au1_0 where au1_0.username=?
Hibernate: select c1_0.id,c1_0.email,c1_0.name,c1_0.phone,u1_0.id,u1_0.password,u1_0.role,u1_0.username from customer c1_0 left join app_user u1_0 on u1_0.id=c1_0.user_id where c1_0.user_id=?
Hibernate: select c1_0.id,c1_0.email,c1_0.name,c1_0.phone,u1_0.id,u1_0.password,u1_0.role,u1_0.username from customer c1_0 left join app_user u1_0 on u1_0.id=c1_0.user_id where c1_0.user_id=?
Hibernate: select c1_0.id,c1_0.email,c1_0.name,c1_0.phone,u1_0.id,u1_0.password,u1_0.role,u1_0.username from customer c1_0 left join app_user u1_0 on u1_0.id=c1_0.user_id where c1_0.user_id=?
2025-10-20T00:14:45.571+05:30  WARN 45216 --- [MoneyMesh] [nio-8080-exec-2] .m.m.a.ExceptionHandlerExceptionResolver : Resolved [org.springframework.web.method.annotation.MethodArgumentTypeMismatchException: Method parameter 'accountId': Failed to convert value of type 'java.lang.String' to required type 'java.lang.Long'; For input string: "user"]
Hibernate: select c1_0.id,c1_0.email,c1_0.name,c1_0.phone,c1_0.user_id from customer c1_0 left join app_user u1_0 on u1_0.id=c1_0.user_id where u1_0.username=?
Hibernate: select mf1_0.id,mf1_0.amc,mf1_0.aum,mf1_0.category,mf1_0.created_at,mf1_0.current_nav,mf1_0.exit_load_days,mf1_0.exit_load_percentage,mf1_0.expense_ratio,mf1_0.fund_code,mf1_0.fund_name,mf1_0.is_active,mf1_0.lumpsum_available,mf1_0.min_investment,mf1_0.min_sip_amount,mf1_0.previous_nav,mf1_0.returns1year,mf1_0.returns3year,mf1_0.returns5year,mf1_0.risk_level,mf1_0.sip_available,mf1_0.updated_at from mutual_funds mf1_0 where mf1_0.is_active
2025-10-20T00:14:45.573+05:30  WARN 45216 --- [MoneyMesh] [nio-8080-exec-1] .m.m.a.ExceptionHandlerExceptionResolver : Resolved [com.bank.exception.ResourceNotFoundException: Customer not found]
Hibernate: select au1_0.id,au1_0.password,au1_0.role,au1_0.username from app_user au1_0 where au1_0.username=?
Hibernate: select au1_0.id,au1_0.password,au1_0.role,au1_0.username from app_user au1_0 where au1_0.username=?
Hibernate: select au1_0.id,au1_0.password,au1_0.role,au1_0.username from app_user au1_0 where au1_0.username=?
Hibernate: select c1_0.id,c1_0.email,c1_0.name,c1_0.phone,u1_0.id,u1_0.password,u1_0.role,u1_0.username from customer c1_0 left join app_user u1_0 on u1_0.id=c1_0.user_id where c1_0.user_id=?
Hibernate: select c1_0.id,c1_0.email,c1_0.name,c1_0.phone,u1_0.id,u1_0.password,u1_0.role,u1_0.username from customer c1_0 left join app_user u1_0 on u1_0.id=c1_0.user_id where c1_0.user_id=?
Hibernate: select c1_0.id,c1_0.email,c1_0.name,c1_0.phone,u1_0.id,u1_0.password,u1_0.role,u1_0.username from customer c1_0 left join app_user u1_0 on u1_0.id=c1_0.user_id where c1_0.user_id=?
2025-10-20T00:14:56.264+05:30  WARN 45216 --- [MoneyMesh] [nio-8080-exec-8] .m.m.a.ExceptionHandlerExceptionResolver : Resolved [org.springframework.web.method.annotation.MethodArgumentTypeMismatchException: Method parameter 'accountId': Failed to convert value of type 'java.lang.String' to required type 'java.lang.Long'; For input string: "user"]
Hibernate: select c1_0.id,c1_0.email,c1_0.name,c1_0.phone,c1_0.user_id from customer c1_0 left join app_user u1_0 on u1_0.id=c1_0.user_id where u1_0.username=?
Hibernate: select mf1_0.id,mf1_0.amc,mf1_0.aum,mf1_0.category,mf1_0.created_at,mf1_0.current_nav,mf1_0.exit_load_days,mf1_0.exit_load_percentage,mf1_0.expense_ratio,mf1_0.fund_code,mf1_0.fund_name,mf1_0.is_active,mf1_0.lumpsum_available,mf1_0.min_investment,mf1_0.min_sip_amount,mf1_0.previous_nav,mf1_0.returns1year,mf1_0.returns3year,mf1_0.returns5year,mf1_0.risk_level,mf1_0.sip_available,mf1_0.updated_at from mutual_funds mf1_0 where mf1_0.is_active
2025-10-20T00:14:56.266+05:30  WARN 45216 --- [MoneyMesh] [nio-8080-exec-5] .m.m.a.ExceptionHandlerExceptionResolver : Resolved [com.bank.exception.ResourceNotFoundException: Customer not found]
Hibernate: select au1_0.id,au1_0.password,au1_0.role,au1_0.username from app_user au1_0 where au1_0.username=?
Hibernate: select au1_0.id,au1_0.password,au1_0.role,au1_0.username from app_user au1_0 where au1_0.username=?
Hibernate: select c1_0.id,c1_0.email,c1_0.name,c1_0.phone,u1_0.id,u1_0.password,u1_0.role,u1_0.username from customer c1_0 left join app_user u1_0 on u1_0.id=c1_0.user_id where c1_0.user_id=?
Hibernate: select c1_0.id,c1_0.email,c1_0.name,c1_0.phone,u1_0.id,u1_0.password,u1_0.role,u1_0.username from customer c1_0 left join app_user u1_0 on u1_0.id=c1_0.user_id where c1_0.user_id=?
Hibernate: select au1_0.id,au1_0.password,au1_0.role,au1_0.username from app_user au1_0 where au1_0.username=?
2025-10-20T00:15:00.333+05:30  WARN 45216 --- [MoneyMesh] [nio-8080-exec-1] .m.m.a.ExceptionHandlerExceptionResolver : Resolved [org.springframework.web.servlet.resource.NoResourceFoundException: No static resource api/notifications/unread/count.]
Hibernate: select c1_0.id,c1_0.email,c1_0.name,c1_0.phone,u1_0.id,u1_0.password,u1_0.role,u1_0.username from customer c1_0 left join app_user u1_0 on u1_0.id=c1_0.user_id where c1_0.user_id=?
Hibernate: select au1_0.id,au1_0.password,au1_0.role,au1_0.username from app_user au1_0 where au1_0.username=?
Hibernate: select c1_0.id,c1_0.email,c1_0.name,c1_0.phone,u1_0.id,u1_0.password,u1_0.role,u1_0.username from customer c1_0 left join app_user u1_0 on u1_0.id=c1_0.user_id where c1_0.user_id=?
Hibernate: select au1_0.id,au1_0.password,au1_0.role,au1_0.username from app_user au1_0 where au1_0.username=?
Hibernate: select c1_0.id,c1_0.email,c1_0.name,c1_0.phone,u1_0.id,u1_0.password,u1_0.role,u1_0.username from customer c1_0 left join app_user u1_0 on u1_0.id=c1_0.user_id where c1_0.user_id=?
Hibernate: select au1_0.id,au1_0.password,au1_0.role,au1_0.username from app_user au1_0 where au1_0.username=?
Hibernate: select c1_0.id,c1_0.email,c1_0.name,c1_0.phone,u1_0.id,u1_0.password,u1_0.role,u1_0.username from customer c1_0 left join app_user u1_0 on u1_0.id=c1_0.user_id where c1_0.user_id=?
Hibernate: select au1_0.id,au1_0.password,au1_0.role,au1_0.username from app_user au1_0 where au1_0.username=?
Hibernate: select c1_0.id,c1_0.email,c1_0.name,c1_0.phone,u1_0.id,u1_0.password,u1_0.role,u1_0.username from customer c1_0 left join app_user u1_0 on u1_0.id=c1_0.user_id where c1_0.user_id=?
Hibernate: select au1_0.id,au1_0.password,au1_0.role,au1_0.username from app_user au1_0 where au1_0.username=?
Hibernate: select c1_0.id,c1_0.email,c1_0.name,c1_0.phone,u1_0.id,u1_0.password,u1_0.role,u1_0.username from customer c1_0 left join app_user u1_0 on u1_0.id=c1_0.user_id where c1_0.user_id=?
Hibernate: select au1_0.id,au1_0.password,au1_0.role,au1_0.username from app_user au1_0 where au1_0.username=?
Hibernate: select c1_0.id,c1_0.email,c1_0.name,c1_0.phone,u1_0.id,u1_0.password,u1_0.role,u1_0.username from customer c1_0 left join app_user u1_0 on u1_0.id=c1_0.user_id where c1_0.user_id=?
Hibernate: select au1_0.id,au1_0.password,au1_0.role,au1_0.username from app_user au1_0 where au1_0.username=?
Hibernate: select c1_0.id,c1_0.email,c1_0.name,c1_0.phone,u1_0.id,u1_0.password,u1_0.role,u1_0.username from customer c1_0 left join app_user u1_0 on u1_0.id=c1_0.user_id where c1_0.user_id=?
Hibernate: select au1_0.id,au1_0.password,au1_0.role,au1_0.username from app_user au1_0 where au1_0.username=?
Hibernate: select c1_0.id,c1_0.email,c1_0.name,c1_0.phone,u1_0.id,u1_0.password,u1_0.role,u1_0.username from customer c1_0 left join app_user u1_0 on u1_0.id=c1_0.user_id where c1_0.user_id=?
Hibernate: select au1_0.id,au1_0.password,au1_0.role,au1_0.username from app_user au1_0 where au1_0.username=?
Hibernate: select c1_0.id,c1_0.email,c1_0.name,c1_0.phone,u1_0.id,u1_0.password,u1_0.role,u1_0.username from customer c1_0 left join app_user u1_0 on u1_0.id=c1_0.user_id where c1_0.user_id=?
Hibernate: select au1_0.id,au1_0.password,au1_0.role,au1_0.username from app_user au1_0 where au1_0.username=?
Hibernate: select c1_0.id,c1_0.email,c1_0.name,c1_0.phone,u1_0.id,u1_0.password,u1_0.role,u1_0.username from customer c1_0 left join app_user u1_0 on u1_0.id=c1_0.user_id where c1_0.user_id=?
Hibernate: select au1_0.id,au1_0.password,au1_0.role,au1_0.username from app_user au1_0 where au1_0.username=?
Hibernate: select au1_0.id,au1_0.password,au1_0.role,au1_0.username from app_user au1_0 where au1_0.username=?
Hibernate: select c1_0.id,c1_0.email,c1_0.name,c1_0.phone,u1_0.id,u1_0.password,u1_0.role,u1_0.username from customer c1_0 left join app_user u1_0 on u1_0.id=c1_0.user_id where c1_0.user_id=?
Hibernate: select c1_0.id,c1_0.email,c1_0.name,c1_0.phone,u1_0.id,u1_0.password,u1_0.role,u1_0.username from customer c1_0 left join app_user u1_0 on u1_0.id=c1_0.user_id where c1_0.user_id=?
Hibernate: select au1_0.id,au1_0.password,au1_0.role,au1_0.username from app_user au1_0 where au1_0.username=?
Hibernate: select au1_0.id,au1_0.password,au1_0.role,au1_0.username from app_user au1_0 where au1_0.username=?
Hibernate: select c1_0.id,c1_0.email,c1_0.name,c1_0.phone,u1_0.id,u1_0.password,u1_0.role,u1_0.username from customer c1_0 left join app_user u1_0 on u1_0.id=c1_0.user_id where c1_0.user_id=?
Hibernate: select c1_0.id,c1_0.email,c1_0.name,c1_0.phone,u1_0.id,u1_0.password,u1_0.role,u1_0.username from customer c1_0 left join app_user u1_0 on u1_0.id=c1_0.user_id where c1_0.user_id=?
Hibernate: select au1_0.id,au1_0.password,au1_0.role,au1_0.username from app_user au1_0 where au1_0.username=?
Hibernate: select c1_0.id,c1_0.email,c1_0.name,c1_0.phone,u1_0.id,u1_0.password,u1_0.role,u1_0.username from customer c1_0 left join app_user u1_0 on u1_0.id=c1_0.user_id where c1_0.user_id=?
Hibernate: select au1_0.id,au1_0.password,au1_0.role,au1_0.username from app_user au1_0 where au1_0.username=?
Hibernate: select c1_0.id,c1_0.email,c1_0.name,c1_0.phone,u1_0.id,u1_0.password,u1_0.role,u1_0.username from customer c1_0 left join app_user u1_0 on u1_0.id=c1_0.user_id where c1_0.user_id=?
Hibernate: select au1_0.id,au1_0.password,au1_0.role,au1_0.username from app_user au1_0 where au1_0.username=?
Hibernate: select au1_0.id,au1_0.password,au1_0.role,au1_0.username from app_user au1_0 where au1_0.username=?
Hibernate: select c1_0.id,c1_0.email,c1_0.name,c1_0.phone,u1_0.id,u1_0.password,u1_0.role,u1_0.username from customer c1_0 left join app_user u1_0 on u1_0.id=c1_0.user_id where c1_0.user_id=?
Hibernate: select c1_0.id,c1_0.email,c1_0.name,c1_0.phone,u1_0.id,u1_0.password,u1_0.role,u1_0.username from customer c1_0 left join app_user u1_0 on u1_0.id=c1_0.user_id where c1_0.user_id=?
Hibernate: select au1_0.id,au1_0.password,au1_0.role,au1_0.username from app_user au1_0 where au1_0.username=?
Hibernate: select au1_0.id,au1_0.password,au1_0.role,au1_0.username from app_user au1_0 where au1_0.username=?
Hibernate: select c1_0.id,c1_0.email,c1_0.name,c1_0.phone,u1_0.id,u1_0.password,u1_0.role,u1_0.username from customer c1_0 left join app_user u1_0 on u1_0.id=c1_0.user_id where c1_0.user_id=?
Hibernate: select c1_0.id,c1_0.email,c1_0.name,c1_0.phone,u1_0.id,u1_0.password,u1_0.role,u1_0.username from customer c1_0 left join app_user u1_0 on u1_0.id=c1_0.user_id where c1_0.user_id=?
Hibernate: select au1_0.id,au1_0.password,au1_0.role,au1_0.username from app_user au1_0 where au1_0.username=?
Hibernate: select c1_0.id,c1_0.email,c1_0.name,c1_0.phone,u1_0.id,u1_0.password,u1_0.role,u1_0.username from customer c1_0 left join app_user u1_0 on u1_0.id=c1_0.user_id where c1_0.user_id=?
Hibernate: select au1_0.id,au1_0.password,au1_0.role,au1_0.username from app_user au1_0 where au1_0.username=?
Hibernate: select c1_0.id,c1_0.email,c1_0.name,c1_0.phone,u1_0.id,u1_0.password,u1_0.role,u1_0.username from customer c1_0 left join app_user u1_0 on u1_0.id=c1_0.user_id where c1_0.user_id=?
Hibernate: select au1_0.id,au1_0.password,au1_0.role,au1_0.username from app_user au1_0 where au1_0.username=?
Hibernate: select c1_0.id,c1_0.email,c1_0.name,c1_0.phone,u1_0.id,u1_0.password,u1_0.role,u1_0.username from customer c1_0 left join app_user u1_0 on u1_0.id=c1_0.user_id where c1_0.user_id=?
Hibernate: select au1_0.id,au1_0.password,au1_0.role,au1_0.username from app_user au1_0 where au1_0.username=?
Hibernate: select c1_0.id,c1_0.email,c1_0.name,c1_0.phone,u1_0.id,u1_0.password,u1_0.role,u1_0.username from customer c1_0 left join app_user u1_0 on u1_0.id=c1_0.user_id where c1_0.user_id=?
Hibernate: select au1_0.id,au1_0.password,au1_0.role,au1_0.username from app_user au1_0 where au1_0.username=?
Hibernate: select c1_0.id,c1_0.email,c1_0.name,c1_0.phone,u1_0.id,u1_0.password,u1_0.role,u1_0.username from customer c1_0 left join app_user u1_0 on u1_0.id=c1_0.user_id where c1_0.user_id=?
Hibernate: select au1_0.id,au1_0.password,au1_0.role,au1_0.username from app_user au1_0 where au1_0.username=?
Hibernate: select c1_0.id,c1_0.email,c1_0.name,c1_0.phone,u1_0.id,u1_0.password,u1_0.role,u1_0.username from customer c1_0 left join app_user u1_0 on u1_0.id=c1_0.user_id where c1_0.user_id=?
Hibernate: select au1_0.id,au1_0.password,au1_0.role,au1_0.username from app_user au1_0 where au1_0.username=?
Hibernate: select c1_0.id,c1_0.email,c1_0.name,c1_0.phone,u1_0.id,u1_0.password,u1_0.role,u1_0.username from customer c1_0 left join app_user u1_0 on u1_0.id=c1_0.user_id where c1_0.user_id=?
Hibernate: select au1_0.id,au1_0.password,au1_0.role,au1_0.username from app_user au1_0 where au1_0.username=?
Hibernate: select c1_0.id,c1_0.email,c1_0.name,c1_0.phone,u1_0.id,u1_0.password,u1_0.role,u1_0.username from customer c1_0 left join app_user u1_0 on u1_0.id=c1_0.user_id where c1_0.user_id=?
Hibernate: select au1_0.id,au1_0.password,au1_0.role,au1_0.username from app_user au1_0 where au1_0.username=?
Hibernate: select au1_0.id,au1_0.password,au1_0.role,au1_0.username from app_user au1_0 where au1_0.username=?
Hibernate: select c1_0.id,c1_0.email,c1_0.name,c1_0.phone,u1_0.id,u1_0.password,u1_0.role,u1_0.username from customer c1_0 left join app_user u1_0 on u1_0.id=c1_0.user_id where c1_0.user_id=?
Hibernate: select c1_0.id,c1_0.email,c1_0.name,c1_0.phone,u1_0.id,u1_0.password,u1_0.role,u1_0.username from customer c1_0 left join app_user u1_0 on u1_0.id=c1_0.user_id where c1_0.user_id=?
Hibernate: select au1_0.id,au1_0.password,au1_0.role,au1_0.username from app_user au1_0 where au1_0.username=?
Hibernate: select au1_0.id,au1_0.password,au1_0.role,au1_0.username from app_user au1_0 where au1_0.username=?
Hibernate: select c1_0.id,c1_0.email,c1_0.name,c1_0.phone,u1_0.id,u1_0.password,u1_0.role,u1_0.username from customer c1_0 left join app_user u1_0 on u1_0.id=c1_0.user_id where c1_0.user_id=?
Hibernate: select c1_0.id,c1_0.email,c1_0.name,c1_0.phone,u1_0.id,u1_0.password,u1_0.role,u1_0.username from customer c1_0 left join app_user u1_0 on u1_0.id=c1_0.user_id where c1_0.user_id=?

  .   ____          _            __ _ _
 /\\ / ___'_ __ _ _(_)_ __  __ _ \ \ \ \
( ( )\___ | '_ | '_| | '_ \/ _` | \ \ \ \
 \\/  ___)| |_)| | | | | || (_| |  ) ) ) )
  '  |____| .__|_| |_|_| |_\__, | / / / /
 =========|_|==============|___/=/_/_/_/

 :: Spring Boot ::                (v3.5.6)

2025-10-20T00:18:48.316+05:30  INFO 45216 --- [MoneyMesh] [  restartedMain] c.b.b.BankingSystemApplication           : Starting BankingSystemApplication using Java 24.0.2 with PID 45216 (/Users/akshatsanjayagrwal/Desktop/bankingsystem/target/classes started by akshatsanjayagrwal in /Users/akshatsanjayagrwal/Desktop/bankingsystem)
2025-10-20T00:18:48.316+05:30  INFO 45216 --- [MoneyMesh] [  restartedMain] c.b.b.BankingSystemApplication           : No active profile set, falling back to 1 default profile: "default"
2025-10-20T00:18:48.656+05:30  INFO 45216 --- [MoneyMesh] [  restartedMain] o.apache.catalina.core.StandardService   : Starting service [Tomcat]
2025-10-20T00:18:48.656+05:30  INFO 45216 --- [MoneyMesh] [  restartedMain] o.apache.catalina.core.StandardEngine    : Starting Servlet engine: [Apache Tomcat/10.1.46]
2025-10-20T00:18:48.660+05:30  INFO 45216 --- [MoneyMesh] [  restartedMain] o.a.c.c.C.[Tomcat].[localhost].[/]       : Initializing Spring embedded WebApplicationContext
2025-10-20T00:18:48.721+05:30  WARN 45216 --- [MoneyMesh] [  restartedMain] org.hibernate.orm.deprecation            : HHH90000025: MySQLDialect does not need to be specified explicitly using 'hibernate.dialect' (remove the property setting and it will be selected by default)
Hibernate: alter table insurance_claims modify column status enum ('APPROVED','CLOSED','PAID','PENDING_DOCUMENTS','REJECTED','SUBMITTED','UNDER_REVIEW') not null
Hibernate: alter table insurance_policies modify column insurance_type enum ('ACCIDENT','AUTO','CRITICAL_ILLNESS','DISABILITY','HEALTH','HOME','LIFE','LOAN_PROTECTION','TERM','TRAVEL') not null
Hibernate: alter table insurance_policies modify column premium_frequency enum ('HALF_YEARLY','MONTHLY','ONE_TIME','QUARTERLY','YEARLY') not null
Hibernate: alter table insurance_policies modify column status enum ('ACTIVE','CANCELLED','EXPIRED','LAPSED','MATURED','PENDING_APPROVAL','PENDING_PAYMENT','REJECTED') not null
2025-10-20T00:18:50.198+05:30  INFO 45216 --- [MoneyMesh] [  restartedMain] c.b.b.BankingSystemApplication           : Started BankingSystemApplication in 1.893 seconds (process running for 446.594)
Hibernate: select us1_0.id,us1_0.active,us1_0.created_at,us1_0.device_info,us1_0.expires_at,us1_0.ip_address,us1_0.last_activity_at,us1_0.session_token,us1_0.user_id,us1_0.user_agent from user_sessions us1_0 where us1_0.expires_at<?
🚀 Banking System Backend is Running...

  .   ____          _            __ _ _
 /\\ / ___'_ __ _ _(_)_ __  __ _ \ \ \ \
( ( )\___ | '_ | '_| | '_ \/ _` | \ \ \ \
 \\/  ___)| |_)| | | | | || (_| |  ) ) ) )
  '  |____| .__|_| |_|_| |_\__, | / / / /
 =========|_|==============|___/=/_/_/_/

 :: Spring Boot ::                (v3.5.6)

2025-10-20T00:27:34.879+05:30  INFO 45216 --- [MoneyMesh] [  restartedMain] c.b.b.BankingSystemApplication           : Starting BankingSystemApplication using Java 24.0.2 with PID 45216 (/Users/akshatsanjayagrwal/Desktop/bankingsystem/target/classes started by akshatsanjayagrwal in /Users/akshatsanjayagrwal/Desktop/bankingsystem)
2025-10-20T00:27:34.879+05:30  INFO 45216 --- [MoneyMesh] [  restartedMain] c.b.b.BankingSystemApplication           : No active profile set, falling back to 1 default profile: "default"
2025-10-20T00:27:35.218+05:30  INFO 45216 --- [MoneyMesh] [  restartedMain] o.apache.catalina.core.StandardService   : Starting service [Tomcat]
2025-10-20T00:27:35.219+05:30  INFO 45216 --- [MoneyMesh] [  restartedMain] o.apache.catalina.core.StandardEngine    : Starting Servlet engine: [Apache Tomcat/10.1.46]
2025-10-20T00:27:35.223+05:30  INFO 45216 --- [MoneyMesh] [  restartedMain] o.a.c.c.C.[Tomcat].[localhost].[/]       : Initializing Spring embedded WebApplicationContext
2025-10-20T00:27:35.283+05:30  WARN 45216 --- [MoneyMesh] [  restartedMain] org.hibernate.orm.deprecation            : HHH90000025: MySQLDialect does not need to be specified explicitly using 'hibernate.dialect' (remove the property setting and it will be selected by default)
Hibernate: alter table insurance_claims modify column status enum ('APPROVED','CLOSED','PAID','PENDING_DOCUMENTS','REJECTED','SUBMITTED','UNDER_REVIEW') not null
Hibernate: alter table insurance_policies modify column insurance_type enum ('ACCIDENT','AUTO','CRITICAL_ILLNESS','DISABILITY','HEALTH','HOME','LIFE','LOAN_PROTECTION','TERM','TRAVEL') not null
Hibernate: alter table insurance_policies modify column premium_frequency enum ('HALF_YEARLY','MONTHLY','ONE_TIME','QUARTERLY','YEARLY') not null
Hibernate: alter table insurance_policies modify column status enum ('ACTIVE','CANCELLED','EXPIRED','LAPSED','MATURED','PENDING_APPROVAL','PENDING_PAYMENT','REJECTED') not null
2025-10-20T00:27:36.811+05:30  INFO 45216 --- [MoneyMesh] [  restartedMain] c.b.b.BankingSystemApplication           : Started BankingSystemApplication in 1.941 seconds (process running for 973.207)
🚀 Banking System Backend is Running...
Hibernate: select us1_0.id,us1_0.active,us1_0.created_at,us1_0.device_info,us1_0.expires_at,us1_0.ip_address,us1_0.last_activity_at,us1_0.session_token,us1_0.user_id,us1_0.user_agent from user_sessions us1_0 where us1_0.expires_at<?
[INFO] ------------------------------------------------------------------------
[INFO] BUILD FAILURE
[INFO] ------------------------------------------------------------------------
[INFO] Total time:  19:43 min
[INFO] Finished at: 2025-10-20T00:31:06+05:30
[INFO] ------------------------------------------------------------------------
[ERROR] Failed to execute goal org.springframework.boot:spring-boot-maven-plugin:3.5.6:run (default-cli) on project moneymesh: Process terminated with exit code: 137 -> [Help 1]
[ERROR] 
[ERROR] To see the full stack trace of the errors, re-run Maven with the -e switch.
[ERROR] Re-run Maven using the -X switch to enable full debug logging.
[ERROR] 
[ERROR] For more information about the errors and possible solutions, please read the following articles:
[ERROR] [Help 1] http://cwiki.apache.org/confluence/display/MAVEN/MojoExecutionException
