
> moneymesh-redesign@0.0.1 dev
> vite

Port 5174 is in use, trying another one...
Port 5175 is in use, trying another one...

  VITE v4.5.14  ready in 102 ms

  ➜  Local:   http://localhost:5176/
  ➜  Network: use --host to expose
12:38:13 AM [vite] hmr update /src/contexts/AuthContext.tsx
12:38:23 AM [vite] hmr update /src/contexts/AuthContext.tsx
12:38:33 AM [vite] hmr update /src/components/Layout.tsx
12:39:04 AM [vite] hmr update /src/components/Layout.tsx
12:39:13 AM [vite] hmr update /src/components/Layout.tsx
12:39:27 AM [vite] hmr update /src/pages/Dashboard.tsx
12:39:37 AM [vite] hmr update /src/pages/Dashboard.tsx
12:39:52 AM [vite] hmr update /src/pages/Dashboard.tsx
12:40:10 AM [vite] hmr update /src/pages/Accounts.tsx
12:40:22 AM [vite] hmr update /src/pages/Accounts.tsx
1:11:53 AM [vite] hmr update /src/contexts/AuthContext.tsx
1:11:53 AM [vite] hmr update /src/components/Layout.tsx
1:11:54 AM [vite] hmr update /src/pages/Dashboard.tsx
1:11:55 AM [vite] hmr update /src/pages/Accounts.tsx
1:30:33 AM [vite] hmr update /src/components/Layout.tsx
1:31:00 AM [vite] hmr update /src/components/Layout.tsx
1:31:07 AM [vite] hmr update /src/components/SmartRedirect.tsx
1:31:31 AM [vite] hmr update /src/pages/Transfers.tsx
1:32:04 AM [vite] page reload src/main.tsx
1:32:25 AM [vite] page reload src/main.tsx
1:32:46 AM [vite] page reload src/main.tsx
1:35:05 AM [vite] page reload src/main.tsx
1:35:05 AM [vite] hmr update /src/components/Layout.tsx
1:35:05 AM [vite] hmr update /src/pages/Transfers.tsx
1:35:05 AM [vite] hmr update /src/components/SmartRedirect.tsx
1:39:57 AM [vite] hmr update /src/pages/Dashboard.tsx
1:42:34 AM [vite] hmr update /src/pages/Dashboard.tsx
1:43:06 AM [vite] hmr update /src/pages/Dashboard.tsx
1:45:18 AM [vite] hmr update /src/pages/SettingsPage.tsx
1:45:26 AM [vite] hmr update /src/pages/SettingsPage.tsx
1:45:42 AM [vite] hmr update /src/pages/SettingsPage.tsx
1:46:43 AM [vite] hmr update /src/pages/SettingsPage.tsx
1:50:02 AM [vite] hmr update /src/styles.css
1:50:24 AM [vite] page reload src/main.tsx
1:50:30 AM [vite] page reload src/main.tsx
1:50:41 AM [vite] page reload src/main.tsx
1:50:54 AM [vite] hmr update /src/pages/SettingsPage.tsx
1:51:06 AM [vite] hmr update /src/pages/SettingsPage.tsx
1:51:13 AM [vite] hmr update /src/pages/SettingsPage.tsx
1:51:28 AM [vite] hmr update /src/pages/SettingsPage.tsx
1:51:36 AM [vite] hmr update /src/pages/SettingsPage.tsx
1:53:59 AM [vite] hmr update /src/pages/SettingsPage.tsx
1:54:39 AM [vite] page reload src/main.tsx
1:54:39 AM [vite] hmr update /src/styles.css
1:54:39 AM [vite] hmr update /src/pages/SettingsPage.tsx
1:57:02 AM [vite] hmr update /src/styles.css
1:57:44 AM [vite] page reload src/main.tsx
1:57:52 AM [vite] page reload src/main.tsx
1:58:04 AM [vite] page reload src/main.tsx
2:01:04 AM [vite] hmr update /src/styles.css
2:01:17 AM [vite] hmr update /src/styles.css
2:01:33 AM [vite] hmr update /src/styles.css
2:02:24 AM [vite] page reload src/main.tsx
2:02:24 AM [vite] hmr update /src/styles.css
2:04:00 AM [vite] hmr update /src/pages/SettingsPage.css
2:04:13 AM [vite] hmr update /src/pages/SettingsPage.css
2:04:27 AM [vite] hmr update /src/pages/SettingsPage.css
2:04:42 AM [vite] hmr update /src/pages/SettingsPage.css
2:05:14 AM [vite] hmr update /src/pages/SettingsPage.css
2:05:28 AM [vite] hmr update /src/pages/SettingsPage.css
2:08:07 AM [vite] hmr update /src/styles.css
2:10:07 AM [vite] hmr update /src/styles.css
2:10:07 AM [vite] hmr update /src/pages/SettingsPage.css
2:14:24 AM [vite] hmr update /src/pages/SettingsPage.css
2:14:36 AM [vite] hmr update /src/pages/SettingsPage.css
2:15:34 AM [vite] hmr update /src/styles.css
2:15:53 AM [vite] hmr update /src/styles.css
2:16:02 AM [vite] hmr update /src/styles.css
2:17:05 AM [vite] hmr update /src/components/Layout.tsx
2:17:17 AM [vite] hmr update /src/components/Layout.tsx
2:17:24 AM [vite] hmr update /src/components/Layout.tsx
2:17:32 AM [vite] hmr update /src/components/Layout.tsx
2:18:32 AM [vite] hmr update /src/components/Layout.tsx
2:19:22 AM [vite] hmr update /src/pages/SettingsPage.tsx
2:20:44 AM [vite] hmr update /src/components/Layout.tsx
2:21:47 AM [vite] hmr update /src/components/Layout.tsx
2:21:47 AM [vite] hmr update /src/pages/SettingsPage.tsx
2:24:26 AM [vite] page reload src/main.tsx
2:24:41 AM [vite] hmr update /src/pages/SettingsPage.tsx
2:24:59 AM [vite] hmr update /src/pages/SettingsPage.tsx
2:25:12 AM [vite] hmr update /src/components/Layout.tsx
2:25:20 AM [vite] hmr update /src/components/Layout.tsx
2:25:55 AM [vite] hmr update /src/components/Layout.tsx
2:26:34 AM [vite] ✨ new dependencies optimized: i18next, react-i18next, @mui/material/styles, @mui/material/CssBaseline
2:26:34 AM [vite] ✨ optimized dependencies changed. reloading
2:28:29 AM [vite] page reload src/locales/en.json
2:28:43 AM [vite] page reload src/locales/hi.json
2:29:09 AM [vite] hmr update /src/components/Layout.tsx
2:29:21 AM [vite] hmr update /src/components/Layout.tsx
2:29:45 AM [vite] hmr update /src/components/Layout.tsx
2:30:04 AM [vite] page reload src/locales/en.json
2:30:13 AM [vite] page reload src/locales/hi.json
2:31:52 AM [vite] page reload src/locales/en.json
2:31:52 AM [vite] page reload src/locales/hi.json
2:31:52 AM [vite] page reload src/i18n.ts
2:31:59 AM [vite] page reload src/main.tsx
2:32:00 AM [vite] page reload src/main.tsx
2:32:07 AM [vite] hmr update /src/components/Layout.tsx
2:32:18 AM [vite] hmr update /src/components/Layout.tsx
2:32:51 AM [vite] hmr update /src/components/Layout.tsx
2:33:01 AM [vite] hmr update /src/components/Layout.tsx
2:33:12 AM [vite] hmr update /src/components/Layout.tsx
2:33:21 AM [vite] hmr update /src/components/Layout.tsx
2:33:22 AM [vite] hmr update /src/components/Layout.tsx
2:33:34 AM [vite] hmr update /src/pages/SettingsPage.tsx
2:33:43 AM [vite] hmr update /src/pages/SettingsPage.tsx
2:33:44 AM [vite] hmr update /src/pages/SettingsPage.tsx
2:33:57 AM [vite] hmr update /src/pages/SettingsPage.tsx
2:36:29 AM [vite] hmr update /src/pages/SettingsPage.tsx
2:36:42 AM [vite] hmr update /src/pages/SettingsPage.tsx
2:38:24 AM [vite] hmr update /src/styles.css
2:38:39 AM [vite] hmr update /src/components/Layout.tsx
2:38:52 AM [vite] hmr update /src/components/Layout.tsx
2:39:20 AM [vite] hmr update /src/styles.css
2:42:06 AM [vite] hmr update /src/styles.css
2:42:06 AM [vite] hmr update /src/components/Layout.tsx
2:42:06 AM [vite] hmr update /src/pages/SettingsPage.tsx
2:43:03 AM [vite] hmr update /src/contexts/MuiThemeProvider.tsx
2:43:09 AM [vite] hmr update /src/contexts/MuiThemeProvider.tsx
2:43:16 AM [vite] hmr update /src/contexts/MuiThemeProvider.tsx
2:43:29 AM [vite] hmr update /src/contexts/MuiThemeProvider.tsx
2:46:41 AM [vite] hmr update /src/pages/SettingsPage.tsx
2:48:34 AM [vite] hmr update /src/pages/SettingsPage.tsx
2:50:26 AM [vite] hmr update /src/components/Layout.tsx
2:50:38 AM [vite] hmr update /src/components/Layout.tsx
2:50:47 AM [vite] hmr update /src/components/Layout.tsx
2:51:04 AM [vite] hmr update /src/pages/SettingsPage.tsx
2:51:17 AM [vite] hmr update /src/pages/SettingsPage.tsx
2:55:16 AM [vite] hmr update /src/pages/SettingsPage.tsx
3:06:16 AM [vite] hmr update /src/components/Layout.tsx
3:06:24 AM [vite] hmr update /src/components/Layout.tsx
3:06:38 AM [vite] hmr update /src/components/Layout.tsx
3:07:58 AM [vite] hmr update /src/pages/SettingsPage.tsx
3:13:16 AM [vite] hmr update /src/pages/SettingsPage.tsx
3:13:36 AM [vite] hmr update /src/pages/SettingsPage.tsx
3:14:05 AM [vite] hmr update /src/pages/SettingsPage.tsx
3:21:33 AM [vite] hmr update /src/pages/AnalyticsDashboard.tsx, /src/pages/BudgetsPage.tsx, /src/pages/SettingsPage.tsx, /src/pages/GoalsPage.tsx, /src/components/Layout.tsx
3:26:11 AM [vite] hmr update /src/components/Layout.tsx
3:26:17 AM [vite] hmr update /src/components/Layout.tsx
3:26:25 AM [vite] hmr update /src/components/Layout.tsx
3:26:36 AM [vite] hmr update /src/components/Layout.tsx
3:26:44 AM [vite] hmr update /src/components/Layout.tsx
3:26:56 AM [vite] hmr update /src/components/Layout.tsx
3:29:44 AM [vite] hmr update /src/components/Layout.tsx
3:29:53 AM [vite] hmr update /src/components/Layout.tsx
3:30:05 AM [vite] hmr update /src/components/Layout.tsx
3:31:25 AM [vite] hmr update /src/contexts/AuthContext.tsx
3:31:47 AM [vite] hmr update /src/components/Layout.tsx
3:32:04 AM [vite] hmr update /src/contexts/AuthContext.tsx
3:33:38 AM [vite] hmr update /src/pages/LoginPage.tsx
3:36:52 AM [vite] hmr update /src/pages/SettingsPage.tsx
3:37:06 AM [vite] hmr update /src/pages/SettingsPage.tsx
3:37:06 AM [vite] hmr update /src/pages/SettingsPage.tsx
3:37:15 AM [vite] hmr update /src/pages/SettingsPage.tsx
3:37:37 AM [vite] hmr update /src/pages/SettingsPage.tsx
3:40:35 AM [vite] hmr update /src/components/Layout.tsx
3:41:22 AM [vite] hmr update /src/components/Layout.tsx
3:41:35 AM [vite] hmr update /src/components/Layout.tsx
3:41:59 AM [vite] hmr update /src/components/Layout.tsx
3:42:09 AM [vite] hmr update /src/components/Layout.tsx
3:44:22 AM [vite] hmr update /src/pages/SettingsPage.tsx
3:44:39 AM [vite] hmr update /src/components/Layout.tsx
3:44:50 AM [vite] hmr update /src/pages/SettingsPage.tsx
3:45:06 AM [vite] hmr update /src/components/Layout.tsx
3:51:49 AM [vite] hmr update /src/pages/SettingsPage.tsx
3:51:58 AM [vite] hmr update /src/pages/SettingsPage.tsx
3:52:12 AM [vite] hmr update /src/pages/SettingsPage.tsx
3:52:21 AM [vite] hmr update /src/pages/SettingsPage.tsx
4:06:50 AM [vite] hmr update /src/pages/SettingsPage.tsx
4:06:58 AM [vite] hmr update /src/pages/SettingsPage.tsx
4:07:13 AM [vite] hmr update /src/pages/SettingsPage.tsx
4:07:25 AM [vite] hmr update /src/pages/SettingsPage.tsx
4:08:42 AM [vite] hmr update /src/pages/LoginPage.tsx
4:08:42 AM [vite] hmr update /src/contexts/AuthContext.tsx
4:08:42 AM [vite] hmr update /src/components/Layout.tsx
4:08:42 AM [vite] hmr update /src/pages/SettingsPage.tsx
4:08:42 AM [vite] hmr update /src/contexts/MuiThemeProvider.tsx
4:08:42 AM [vite] hmr update /src/components/Layout.tsx
4:08:42 AM [vite] hmr update /src/pages/AnalyticsDashboard.tsx, /src/pages/BudgetsPage.tsx, /src/pages/SettingsPage.tsx, /src/pages/GoalsPage.tsx, /src/components/Layout.tsx
4:15:08 AM [vite] hmr update /src/pages/SettingsPage.tsx
4:16:05 AM [vite] hmr update /src/pages/SettingsPage.tsx
4:18:21 AM [vite] hmr update /src/pages/SettingsPage.tsx
4:18:48 AM [vite] hmr update /src/pages/SettingsPage.tsx
4:18:58 AM [vite] hmr update /src/pages/SettingsPage.tsx
4:22:01 AM [vite] hmr update /src/pages/SettingsPage.tsx
4:22:17 AM [vite] hmr update /src/pages/SettingsPage.tsx
4:25:28 AM [vite] hmr update /src/pages/SettingsPage.tsx
4:31:42 AM [vite] hmr update /src/pages/SettingsPage.tsx
4:32:03 AM [vite] hmr update /src/pages/SettingsPage.tsx
4:32:22 AM [vite] hmr update /src/pages/SettingsPage.tsx
4:32:39 AM [vite] hmr update /src/pages/SettingsPage.tsx
4:35:50 AM [vite] hmr update /src/pages/SettingsPage.tsx
4:36:10 AM [vite] hmr update /src/pages/SettingsPage.tsx
4:40:35 AM [vite] hmr update /src/pages/SettingsPage.tsx
4:44:01 AM [vite] hmr update /src/pages/SettingsPage.tsx
4:44:10 AM [vite] hmr update /src/pages/SettingsPage.tsx
4:44:29 AM [vite] hmr update /src/pages/SettingsPage.tsx
4:44:51 AM [vite] hmr update /src/pages/SettingsPage.tsx
4:47:23 AM [vite] hmr update /src/pages/SettingsPage.tsx
4:50:41 AM [vite] hmr update /src/pages/SettingsPage.tsx
4:50:58 AM [vite] hmr update /src/pages/SettingsPage.tsx
4:58:43 AM [vite] hmr update /src/pages/SettingsPage.tsx
4:59:21 AM [vite] hmr update /src/pages/SettingsPage.tsx
5:00:41 AM [vite] hmr update /src/contexts/AuthContext.tsx
5:00:50 AM [vite] hmr update /src/contexts/AuthContext.tsx
5:05:57 AM [vite] hmr update /src/contexts/AuthContext.tsx
5:08:39 AM [vite] hmr update /src/contexts/AuthContext.tsx
5:09:00 AM [vite] hmr update /src/pages/SettingsPage.tsx
5:16:44 AM [vite] hmr update /src/pages/Accounts.tsx
5:17:15 AM [vite] hmr update /src/pages/Dashboard.tsx
5:17:29 AM [vite] hmr update /src/pages/Transactions.tsx
5:17:44 AM [vite] hmr update /src/pages/Cards.tsx
5:17:58 AM [vite] hmr update /src/pages/Loans.tsx
5:18:15 AM [vite] hmr update /src/pages/Transfers.tsx
5:21:26 AM [vite] hmr update /src/pages/Loans.tsx
5:21:26 AM [vite] hmr update /src/pages/Cards.tsx
5:21:26 AM [vite] hmr update /src/pages/Transactions.tsx
5:21:26 AM [vite] hmr update /src/pages/Dashboard.tsx
5:21:26 AM [vite] hmr update /src/pages/Accounts.tsx
5:21:26 AM [vite] hmr update /src/pages/Transfers.tsx
5:22:05 AM [vite] hmr update /src/contexts/AuthContext.tsx
5:22:15 AM [vite] hmr update /src/pages/SettingsPage.tsx
5:22:28 AM [vite] hmr update /src/pages/SettingsPage.tsx
5:25:32 AM [vite] hmr update /src/pages/Dashboard.tsx
5:25:47 AM [vite] hmr update /src/pages/Accounts.tsx
5:26:17 AM [vite] hmr update /src/pages/Transactions.tsx
5:26:38 AM [vite] hmr update /src/pages/Cards.tsx
5:26:51 AM [vite] hmr update /src/contexts/AuthContext.tsx
5:26:51 AM [vite] hmr update /src/pages/Dashboard.tsx
5:26:51 AM [vite] hmr update /src/pages/Accounts.tsx
5:26:51 AM [vite] hmr update /src/pages/Transactions.tsx
5:26:51 AM [vite] hmr update /src/pages/Cards.tsx
5:26:51 AM [vite] hmr update /src/pages/SettingsPage.tsx
5:26:56 AM [vite] hmr update /src/pages/Transfers.tsx
5:27:15 AM [vite] hmr update /src/pages/Loans.tsx
5:28:09 AM [vite] hmr update /src/pages/Loans.tsx
5:28:09 AM [vite] hmr update /src/pages/Transfers.tsx
5:29:00 AM [vite] hmr update /src/pages/Dashboard.tsx
